platforms/android/app/build/outputs/logs/manifest-merger-debug-report.txt
-- Merging decision tree log ---
manifest
ADDED from src/main/AndroidManifest.xml:2:1-14:12
INJECTED from src/main/AndroidManifest.xml:2:1-14:12
INJECTED from src/main/AndroidManifest.xml:2:1-14:12
INJECTED from src/main/AndroidManifest.xml:2:1-14:12
MERGED from [com.payumoney.sdkui:plug-n-play:1.2.0] AndroidManifest.xml:2:1-27:12
MERGED from [:CordovaLib] AndroidManifest.xml:20:1-27:12
MERGED from [com.payumoney.core:payumoney-sdk:7.2.0] AndroidManifest.xml:2:1-31:12
MERGED from [com.android.support:design:23.2.1] AndroidManifest.xml:17:1-24:12
MERGED from [com.payu.custombrowser:payu-custom-browser:6.2.1] AndroidManifest.xml:2:1-25:12
MERGED from [com.payu.magicretry:magicretry:1.0.5] AndroidManifest.xml:2:1-24:12
MERGED from [com.android.support:appcompat-v7:23.2.1] AndroidManifest.xml:17:1-27:12
MERGED from [com.android.support:cardview-v7:23.2.1] AndroidManifest.xml:17:1-24:12
MERGED from [com.payumoney.graphics:asset-download-sdk:0.3.1] AndroidManifest.xml:2:1-19:12
MERGED from [com.android.support:recyclerview-v7:23.2.1] AndroidManifest.xml:17:1-22:12
MERGED from [com.android.support:animated-vector-drawable:23.2.1] AndroidManifest.xml:2:1-9:12
MERGED from [com.android.support:support-vector-drawable:23.2.1] AndroidManifest.xml:2:1-9:12
MERGED from [com.android.support:support-v4:23.2.1] AndroidManifest.xml:17:1-24:12
MERGED from [com.github.aakira:expandable-layout:1.6.0] AndroidManifest.xml:2:1-14:12
MERGED from [com.android.volley:volley:1.0.0] AndroidManifest.xml:2:1-11:12
INJECTED from src/main/AndroidManifest.xml:2:1-14:12
INJECTED from src/main/AndroidManifest.xml:2:1-14:12
INJECTED from src/main/AndroidManifest.xml:2:1-14:12
	package
		ADDED from src/main/AndroidManifest.xml:2:102-135
		INJECTED from src/main/AndroidManifest.xml
		INJECTED from src/main/AndroidManifest.xml
	android:versionName
		ADDED from src/main/AndroidManifest.xml:2:74-101
		INJECTED from src/main/AndroidManifest.xml
		INJECTED from src/main/AndroidManifest.xml
	android:hardwareAccelerated
		ADDED from src/main/AndroidManifest.xml:2:11-45
	xmlns:android
		ADDED from src/main/AndroidManifest.xml:2:136-194
	android:versionCode
		ADDED from src/main/AndroidManifest.xml:2:46-73
		INJECTED from src/main/AndroidManifest.xml
		INJECTED from src/main/AndroidManifest.xml
supports-screens
ADDED from src/main/AndroidManifest.xml:3:5-191
	android:largeScreens
		ADDED from src/main/AndroidManifest.xml:3:49-76
	android:smallScreens
		ADDED from src/main/AndroidManifest.xml:3:132-159
	android:normalScreens
		ADDED from src/main/AndroidManifest.xml:3:77-105
	android:xlargeScreens
		ADDED from src/main/AndroidManifest.xml:3:160-188
	android:resizeable
		ADDED from src/main/AndroidManifest.xml:3:106-131
	android:anyDensity
		ADDED from src/main/AndroidManifest.xml:3:23-48
uses-permission#android.permission.INTERNET
ADDED from src/main/AndroidManifest.xml:4:5-67
MERGED from [com.payumoney.sdkui:plug-n-play:1.2.0] AndroidManifest.xml:12:5-67
MERGED from [com.payumoney.sdkui:plug-n-play:1.2.0] AndroidManifest.xml:12:5-67
MERGED from [com.payumoney.core:payumoney-sdk:7.2.0] AndroidManifest.xml:13:5-67
MERGED from [com.payumoney.core:payumoney-sdk:7.2.0] AndroidManifest.xml:13:5-67
MERGED from [com.payumoney.graphics:asset-download-sdk:0.3.1] AndroidManifest.xml:11:5-67
MERGED from [com.payumoney.graphics:asset-download-sdk:0.3.1] AndroidManifest.xml:11:5-67
	android:name
		ADDED from src/main/AndroidManifest.xml:4:22-64
application
ADDED from src/main/AndroidManifest.xml:5:5-12:19
MERGED from [com.payumoney.sdkui:plug-n-play:1.2.0] AndroidManifest.xml:16:5-25:19
MERGED from [com.payumoney.sdkui:plug-n-play:1.2.0] AndroidManifest.xml:16:5-25:19
MERGED from [com.payumoney.core:payumoney-sdk:7.2.0] AndroidManifest.xml:23:5-29:19
MERGED from [com.payumoney.core:payumoney-sdk:7.2.0] AndroidManifest.xml:23:5-29:19
MERGED from [com.android.support:design:23.2.1] AndroidManifest.xml:22:5-20
MERGED from [com.android.support:design:23.2.1] AndroidManifest.xml:22:5-20
MERGED from [com.payu.custombrowser:payu-custom-browser:6.2.1] AndroidManifest.xml:16:5-23:19
MERGED from [com.payu.custombrowser:payu-custom-browser:6.2.1] AndroidManifest.xml:16:5-23:19
MERGED from [com.payu.magicretry:magicretry:1.0.5] AndroidManifest.xml:11:5-22:19
MERGED from [com.payu.magicretry:magicretry:1.0.5] AndroidManifest.xml:11:5-22:19
MERGED from [com.android.support:appcompat-v7:23.2.1] AndroidManifest.xml:25:5-20
MERGED from [com.android.support:appcompat-v7:23.2.1] AndroidManifest.xml:25:5-20
MERGED from [com.android.support:cardview-v7:23.2.1] AndroidManifest.xml:22:5-20
MERGED from [com.android.support:cardview-v7:23.2.1] AndroidManifest.xml:22:5-20
MERGED from [com.payumoney.graphics:asset-download-sdk:0.3.1] AndroidManifest.xml:13:5-17:19
MERGED from [com.payumoney.graphics:asset-download-sdk:0.3.1] AndroidManifest.xml:13:5-17:19
MERGED from [com.android.support:animated-vector-drawable:23.2.1] AndroidManifest.xml:7:5-20
MERGED from [com.android.support:animated-vector-drawable:23.2.1] AndroidManifest.xml:7:5-20
MERGED from [com.android.support:support-vector-drawable:23.2.1] AndroidManifest.xml:7:5-20
MERGED from [com.android.support:support-vector-drawable:23.2.1] AndroidManifest.xml:7:5-20
MERGED from [com.android.support:support-v4:23.2.1] AndroidManifest.xml:22:5-20
MERGED from [com.android.support:support-v4:23.2.1] AndroidManifest.xml:22:5-20
MERGED from [com.github.aakira:expandable-layout:1.6.0] AndroidManifest.xml:12:5-20
MERGED from [com.github.aakira:expandable-layout:1.6.0] AndroidManifest.xml:12:5-20
MERGED from [com.android.volley:volley:1.0.0] AndroidManifest.xml:9:5-20
MERGED from [com.android.volley:volley:1.0.0] AndroidManifest.xml:9:5-20
	android:supportsRtl
		ADDED from src/main/AndroidManifest.xml:5:114-140
	android:label
		ADDED from src/main/AndroidManifest.xml:5:81-113
	android:hardwareAccelerated
		ADDED from src/main/AndroidManifest.xml:5:18-52
	android:windowSoftInputMode
		ADDED from [com.payumoney.core:payumoney-sdk:7.2.0] AndroidManifest.xml:25:9-48
	android:allowBackup
		ADDED from [com.payumoney.sdkui:plug-n-play:1.2.0] AndroidManifest.xml:17:9-36
		REJECTED from [com.payumoney.graphics:asset-download-sdk:0.3.1] AndroidManifest.xml:14:9-36
	android:icon
		ADDED from src/main/AndroidManifest.xml:5:53-80
	tools:replace
		ADDED from [com.payumoney.sdkui:plug-n-play:1.2.0] AndroidManifest.xml:18:9-44
activity#com.payu.cordova.sample.MainActivity
ADDED from src/main/AndroidManifest.xml:6:9-11:20
	android:label
		ADDED from src/main/AndroidManifest.xml:6:97-134
	android:launchMode
		ADDED from src/main/AndroidManifest.xml:6:135-165
	android:windowSoftInputMode
		ADDED from src/main/AndroidManifest.xml:6:257-299
	android:configChanges
		ADDED from src/main/AndroidManifest.xml:6:19-96
	android:theme
		ADDED from src/main/AndroidManifest.xml:6:194-256
	android:name
		ADDED from src/main/AndroidManifest.xml:6:166-193
intent-filter#android.intent.action.MAIN+android.intent.category.LAUNCHER
ADDED from src/main/AndroidManifest.xml:7:13-10:29
	android:label
		ADDED from src/main/AndroidManifest.xml:7:28-65
action#android.intent.action.MAIN
ADDED from src/main/AndroidManifest.xml:8:17-69
	android:name
		ADDED from src/main/AndroidManifest.xml:8:25-66
category#android.intent.category.LAUNCHER
ADDED from src/main/AndroidManifest.xml:9:17-77
	android:name
		ADDED from src/main/AndroidManifest.xml:9:27-74
uses-sdk
ADDED from src/main/AndroidManifest.xml:13:5-74
MERGED from [com.payumoney.sdkui:plug-n-play:1.2.0] AndroidManifest.xml:8:5-10:41
MERGED from [com.payumoney.sdkui:plug-n-play:1.2.0] AndroidManifest.xml:8:5-10:41
MERGED from [:CordovaLib] AndroidManifest.xml:25:5-44
MERGED from [:CordovaLib] AndroidManifest.xml:25:5-44
MERGED from [com.payumoney.core:payumoney-sdk:7.2.0] AndroidManifest.xml:7:5-9:41
MERGED from [com.payumoney.core:payumoney-sdk:7.2.0] AndroidManifest.xml:7:5-9:41
MERGED from [com.android.support:design:23.2.1] AndroidManifest.xml:20:5-43
MERGED from [com.android.support:design:23.2.1] AndroidManifest.xml:20:5-43
MERGED from [com.payu.custombrowser:payu-custom-browser:6.2.1] AndroidManifest.xml:7:5-9:41
MERGED from [com.payu.custombrowser:payu-custom-browser:6.2.1] AndroidManifest.xml:7:5-9:41
MERGED from [com.payu.magicretry:magicretry:1.0.5] AndroidManifest.xml:7:5-9:41
MERGED from [com.payu.magicretry:magicretry:1.0.5] AndroidManifest.xml:7:5-9:41
MERGED from [com.android.support:appcompat-v7:23.2.1] AndroidManifest.xml:21:5-23:78
MERGED from [com.android.support:appcompat-v7:23.2.1] AndroidManifest.xml:21:5-23:78
MERGED from [com.android.support:cardview-v7:23.2.1] AndroidManifest.xml:20:5-43
MERGED from [com.android.support:cardview-v7:23.2.1] AndroidManifest.xml:20:5-43
MERGED from [com.payumoney.graphics:asset-download-sdk:0.3.1] AndroidManifest.xml:7:5-9:41
MERGED from [com.payumoney.graphics:asset-download-sdk:0.3.1] AndroidManifest.xml:7:5-9:41
MERGED from [com.android.support:recyclerview-v7:23.2.1] AndroidManifest.xml:20:5-43
MERGED from [com.android.support:recyclerview-v7:23.2.1] AndroidManifest.xml:20:5-43
MERGED from [com.android.support:animated-vector-drawable:23.2.1] AndroidManifest.xml:5:5-44
MERGED from [com.android.support:animated-vector-drawable:23.2.1] AndroidManifest.xml:5:5-44
MERGED from [com.android.support:support-vector-drawable:23.2.1] AndroidManifest.xml:5:5-43
MERGED from [com.android.support:support-vector-drawable:23.2.1] AndroidManifest.xml:5:5-43
MERGED from [com.android.support:support-v4:23.2.1] AndroidManifest.xml:20:5-43
MERGED from [com.android.support:support-v4:23.2.1] AndroidManifest.xml:20:5-43
MERGED from [com.github.aakira:expandable-layout:1.6.0] AndroidManifest.xml:8:5-10:41
MERGED from [com.github.aakira:expandable-layout:1.6.0] AndroidManifest.xml:8:5-10:41
MERGED from [com.android.volley:volley:1.0.0] AndroidManifest.xml:7:5-43
MERGED from [com.android.volley:volley:1.0.0] AndroidManifest.xml:7:5-43
	tools:overrideLibrary
		ADDED from [com.android.support:appcompat-v7:23.2.1] AndroidManifest.xml:23:9-75
	android:targetSdkVersion
		ADDED from src/main/AndroidManifest.xml:13:42-71
	android:minSdkVersion
		ADDED from src/main/AndroidManifest.xml:13:15-41
uses-permission#android.permission.RECEIVE_SMS
ADDED from [com.payumoney.sdkui:plug-n-play:1.2.0] AndroidManifest.xml:13:5-70
MERGED from [com.payumoney.core:payumoney-sdk:7.2.0] AndroidManifest.xml:12:5-70
MERGED from [com.payumoney.core:payumoney-sdk:7.2.0] AndroidManifest.xml:12:5-70
MERGED from [com.payu.custombrowser:payu-custom-browser:6.2.1] AndroidManifest.xml:12:5-14:47
MERGED from [com.payu.custombrowser:payu-custom-browser:6.2.1] AndroidManifest.xml:12:5-14:47
	android:protectionLevel
		ADDED from [com.payu.custombrowser:payu-custom-browser:6.2.1] AndroidManifest.xml:14:9-44
	android:name
		ADDED from [com.payumoney.sdkui:plug-n-play:1.2.0] AndroidManifest.xml:13:22-67
uses-permission#android.permission.ACCESS_NETWORK_STATE
ADDED from [com.payumoney.sdkui:plug-n-play:1.2.0] AndroidManifest.xml:14:5-79
MERGED from [com.payu.custombrowser:payu-custom-browser:6.2.1] AndroidManifest.xml:11:5-79
MERGED from [com.payu.custombrowser:payu-custom-browser:6.2.1] AndroidManifest.xml:11:5-79
	android:name
		ADDED from [com.payumoney.sdkui:plug-n-play:1.2.0] AndroidManifest.xml:14:22-76
activity#com.payumoney.sdkui.ui.activities.PayUmoneyActivity
ADDED from [com.payumoney.sdkui:plug-n-play:1.2.0] AndroidManifest.xml:19:9-24:55
	android:screenOrientation
		ADDED from [com.payumoney.sdkui:plug-n-play:1.2.0] AndroidManifest.xml:22:13-49
	android:label
		ADDED from [com.payumoney.sdkui:plug-n-play:1.2.0] AndroidManifest.xml:21:13-58
	android:windowSoftInputMode
		ADDED from [com.payumoney.sdkui:plug-n-play:1.2.0] AndroidManifest.xml:24:13-52
	android:theme
		ADDED from [com.payumoney.sdkui:plug-n-play:1.2.0] AndroidManifest.xml:23:13-53
	android:name
		ADDED from [com.payumoney.sdkui:plug-n-play:1.2.0] AndroidManifest.xml:20:13-79
uses-permission#android.permission.ACCESS_WIFI_STATE
ADDED from [com.payumoney.core:payumoney-sdk:7.2.0] AndroidManifest.xml:11:5-76
	android:name
		ADDED from [com.payumoney.core:payumoney-sdk:7.2.0] AndroidManifest.xml:11:22-73
uses-permission#android.permission.READ_SMS
ADDED from [com.payumoney.core:payumoney-sdk:7.2.0] AndroidManifest.xml:16:5-67
	android:name
		ADDED from [com.payumoney.core:payumoney-sdk:7.2.0] AndroidManifest.xml:16:22-64
uses-permission#android.permission.READ_PHONE_STATE
ADDED from [com.payumoney.core:payumoney-sdk:7.2.0] AndroidManifest.xml:17:5-75
	android:name
		ADDED from [com.payumoney.core:payumoney-sdk:7.2.0] AndroidManifest.xml:17:22-72
uses-feature#android.hardware.telephony
ADDED from [com.payumoney.core:payumoney-sdk:7.2.0] AndroidManifest.xml:19:5-21:36
	android:required
		ADDED from [com.payumoney.core:payumoney-sdk:7.2.0] AndroidManifest.xml:21:9-33
	android:name
		ADDED from [com.payumoney.core:payumoney-sdk:7.2.0] AndroidManifest.xml:20:9-50
activity#com.payumoney.core.SdkWebViewActivityNew
ADDED from [com.payumoney.core:payumoney-sdk:7.2.0] AndroidManifest.xml:26:9-28:52
	android:screenOrientation
		ADDED from [com.payumoney.core:payumoney-sdk:7.2.0] AndroidManifest.xml:28:13-49
	android:name
		ADDED from [com.payumoney.core:payumoney-sdk:7.2.0] AndroidManifest.xml:27:13-68
activity#com.payu.custombrowser.CBActivity
ADDED from [com.payu.custombrowser:payu-custom-browser:6.2.1] AndroidManifest.xml:17:9-20:63
	android:screenOrientation
		ADDED from [com.payu.custombrowser:payu-custom-browser:6.2.1] AndroidManifest.xml:19:13-49
	android:windowSoftInputMode
		ADDED from [com.payu.custombrowser:payu-custom-browser:6.2.1] AndroidManifest.xml:20:13-60
	android:name
		ADDED from [com.payu.custombrowser:payu-custom-browser:6.2.1] AndroidManifest.xml:18:13-61
service#com.payu.custombrowser.services.SnoozeService
ADDED from [com.payu.custombrowser:payu-custom-browser:6.2.1] AndroidManifest.xml:22:9-81
	android:name
		ADDED from [com.payu.custombrowser:payu-custom-browser:6.2.1] AndroidManifest.xml:22:18-78
activity#com.payu.magicretry.MainActivity
ADDED from [com.payu.magicretry:magicretry:1.0.5] AndroidManifest.xml:12:9-21:20
	android:name
		ADDED from [com.payu.magicretry:magicretry:1.0.5] AndroidManifest.xml:12:19-66